#-----------------------------------------------------------
# Vivado v2018.2 (64-bit)
# SW Build 2258646 on Thu Jun 14 20:03:12 MDT 2018
# IP Build 2256618 on Thu Jun 14 22:10:49 MDT 2018
# Start of session at: Wed Mar 13 11:48:39 2024
# Process ID: 6352
# Current directory: C:/Desktop/ALU_4BIT
# Command line: vivado.exe -gui_launcher_event rodinguilauncherevent10096 C:\Desktop\ALU_4BIT\ALU_4BIT.xpr
# Log file: C:/Desktop/ALU_4BIT/vivado.log
# Journal file: C:/Desktop/ALU_4BIT\vivado.jou
#-----------------------------------------------------------
start_gui
open_project C:/Desktop/ALU_4BIT/ALU_4BIT.xpr
Scanning sources...
Finished scanning sources
INFO: [IP_Flow 19-234] Refreshing IP repositories
INFO: [IP_Flow 19-1704] No user IP repositories specified
INFO: [IP_Flow 19-2313] Loaded Vivado IP repository 'C:/Xilinx/Vivado/2018.2/data/ip'.
update_compile_order -fileset sources_1
exit
INFO: [Common 17-206] Exiting Vivado at Wed Mar 13 11:49:03 2024...
